2023-07-29 13:27:54,845 INFO [main] o.a.n.b.NotificationServiceManager Successfully loaded the following 0 services: []
2023-07-29 13:27:54,864 INFO [main] org.apache.nifi.bootstrap.RunNiFi Registered no Notification Services for Notification Type NIFI_STARTED
2023-07-29 13:27:54,869 INFO [main] org.apache.nifi.bootstrap.RunNiFi Registered no Notification Services for Notification Type NIFI_STOPPED
2023-07-29 13:27:54,870 INFO [main] org.apache.nifi.bootstrap.RunNiFi Registered no Notification Services for Notification Type NIFI_DIED
2023-07-29 13:27:54,889 INFO [main] org.apache.nifi.bootstrap.RunNiFi Runtime Java version: 1.8.0_292
2023-07-29 13:27:54,947 INFO [main] org.apache.nifi.bootstrap.Command Starting Apache NiFi...
2023-07-29 13:27:54,950 INFO [main] org.apache.nifi.bootstrap.Command Working Directory: /opt/nifi/nifi-current
2023-07-29 13:27:54,953 INFO [main] org.apache.nifi.bootstrap.Command Command: /usr/local/openjdk-8/bin/java -classpath /opt/nifi/nifi-current/./conf:/opt/nifi/nifi-current/./lib/logback-core-1.2.3.jar:/opt/nifi/nifi-current/./lib/nifi-framework-api-1.14.0.jar:/opt/nifi/nifi-current/./lib/nifi-runtime-1.14.0.jar:/opt/nifi/nifi-current/./lib/javax.servlet-api-3.1.0.jar:/opt/nifi/nifi-current/./lib/log4j-over-slf4j-1.7.30.jar:/opt/nifi/nifi-current/./lib/nifi-property-utils-1.14.0.jar:/opt/nifi/nifi-current/./lib/nifi-api-1.14.0.jar:/opt/nifi/nifi-current/./lib/jul-to-slf4j-1.7.30.jar:/opt/nifi/nifi-current/./lib/nifi-nar-utils-1.14.0.jar:/opt/nifi/nifi-current/./lib/jcl-over-slf4j-1.7.30.jar:/opt/nifi/nifi-current/./lib/nifi-stateless-bootstrap-1.14.0.jar:/opt/nifi/nifi-current/./lib/logback-classic-1.2.3.jar:/opt/nifi/nifi-current/./lib/nifi-server-api-1.14.0.jar:/opt/nifi/nifi-current/./lib/jetty-schemas-3.1.jar:/opt/nifi/nifi-current/./lib/slf4j-api-1.7.30.jar:/opt/nifi/nifi-current/./lib/nifi-stateless-api-1.14.0.jar:/opt/nifi/nifi-current/./lib/nifi-properties-1.14.0.jar -Dorg.apache.jasper.compiler.disablejsr199=true -Xmx512m -Xms512m -Dcurator-log-only-first-connection-issue-as-error-level=true -Djavax.security.auth.useSubjectCredsOnly=true -Djava.security.egd=file:/dev/urandom -Dzookeeper.admin.enableServer=false -Dsun.net.http.allowRestrictedHeaders=true -Djava.net.preferIPv4Stack=true -Djava.awt.headless=true -Djava.protocol.handler.pkgs=sun.net.www.protocol -Dnifi.properties.file.path=/opt/nifi/nifi-current/./conf/nifi.properties -Dnifi.bootstrap.listen.port=46245 -Dapp=NiFi -Dorg.apache.nifi.bootstrap.config.log.dir=/opt/nifi/nifi-current/logs org.apache.nifi.NiFi 
2023-07-29 13:27:55,054 INFO [main] org.apache.nifi.bootstrap.Command Launched Apache NiFi with Process ID 86
2023-07-29 13:27:56,438 INFO [NiFi Bootstrap Command Listener] org.apache.nifi.bootstrap.RunNiFi Apache NiFi now running and listening for Bootstrap requests on port 36013
2023-07-29 17:48:55,238 INFO [main] o.a.n.b.NotificationServiceManager Successfully loaded the following 0 services: []
2023-07-29 17:48:55,250 INFO [main] org.apache.nifi.bootstrap.RunNiFi Registered no Notification Services for Notification Type NIFI_STARTED
2023-07-29 17:48:55,253 INFO [main] org.apache.nifi.bootstrap.RunNiFi Registered no Notification Services for Notification Type NIFI_STOPPED
2023-07-29 17:48:55,262 INFO [main] org.apache.nifi.bootstrap.RunNiFi Registered no Notification Services for Notification Type NIFI_DIED
2023-07-29 17:48:55,296 INFO [main] org.apache.nifi.bootstrap.Command Apache NiFi has accepted the Shutdown Command and is shutting down now
2023-07-29 17:48:55,379 INFO [main] org.apache.nifi.bootstrap.Command Waiting for Apache NiFi to finish shutting down...
2023-07-29 17:48:57,383 INFO [main] org.apache.nifi.bootstrap.Command Waiting for Apache NiFi to finish shutting down...
2023-07-29 18:53:58,624 INFO [main] o.a.n.b.NotificationServiceManager Successfully loaded the following 0 services: []
2023-07-29 18:53:58,630 INFO [main] org.apache.nifi.bootstrap.RunNiFi Registered no Notification Services for Notification Type NIFI_STARTED
2023-07-29 18:53:58,631 INFO [main] org.apache.nifi.bootstrap.RunNiFi Registered no Notification Services for Notification Type NIFI_STOPPED
2023-07-29 18:53:58,632 INFO [main] org.apache.nifi.bootstrap.RunNiFi Registered no Notification Services for Notification Type NIFI_DIED
2023-07-29 18:53:58,732 INFO [main] org.apache.nifi.bootstrap.RunNiFi Runtime Java version: 1.8.0_292
2023-07-29 18:53:58,758 INFO [main] org.apache.nifi.bootstrap.Command Starting Apache NiFi...
2023-07-29 18:53:58,758 INFO [main] org.apache.nifi.bootstrap.Command Working Directory: /opt/nifi/nifi-current
2023-07-29 18:53:58,759 INFO [main] org.apache.nifi.bootstrap.Command Command: /usr/local/openjdk-8/bin/java -classpath /opt/nifi/nifi-current/./conf:/opt/nifi/nifi-current/./lib/logback-core-1.2.3.jar:/opt/nifi/nifi-current/./lib/nifi-framework-api-1.14.0.jar:/opt/nifi/nifi-current/./lib/nifi-runtime-1.14.0.jar:/opt/nifi/nifi-current/./lib/javax.servlet-api-3.1.0.jar:/opt/nifi/nifi-current/./lib/log4j-over-slf4j-1.7.30.jar:/opt/nifi/nifi-current/./lib/nifi-property-utils-1.14.0.jar:/opt/nifi/nifi-current/./lib/nifi-api-1.14.0.jar:/opt/nifi/nifi-current/./lib/jul-to-slf4j-1.7.30.jar:/opt/nifi/nifi-current/./lib/nifi-nar-utils-1.14.0.jar:/opt/nifi/nifi-current/./lib/jcl-over-slf4j-1.7.30.jar:/opt/nifi/nifi-current/./lib/nifi-stateless-bootstrap-1.14.0.jar:/opt/nifi/nifi-current/./lib/logback-classic-1.2.3.jar:/opt/nifi/nifi-current/./lib/nifi-server-api-1.14.0.jar:/opt/nifi/nifi-current/./lib/jetty-schemas-3.1.jar:/opt/nifi/nifi-current/./lib/slf4j-api-1.7.30.jar:/opt/nifi/nifi-current/./lib/nifi-stateless-api-1.14.0.jar:/opt/nifi/nifi-current/./lib/nifi-properties-1.14.0.jar -Dorg.apache.jasper.compiler.disablejsr199=true -Xmx512m -Xms512m -Dcurator-log-only-first-connection-issue-as-error-level=true -Djavax.security.auth.useSubjectCredsOnly=true -Djava.security.egd=file:/dev/urandom -Dzookeeper.admin.enableServer=false -Dsun.net.http.allowRestrictedHeaders=true -Djava.net.preferIPv4Stack=true -Djava.awt.headless=true -Djava.protocol.handler.pkgs=sun.net.www.protocol -Dnifi.properties.file.path=/opt/nifi/nifi-current/./conf/nifi.properties -Dnifi.bootstrap.listen.port=41043 -Dapp=NiFi -Dorg.apache.nifi.bootstrap.config.log.dir=/opt/nifi/nifi-current/logs org.apache.nifi.NiFi 
2023-07-29 18:53:58,793 INFO [main] org.apache.nifi.bootstrap.Command Launched Apache NiFi with Process ID 88
2023-07-29 18:54:00,020 INFO [NiFi Bootstrap Command Listener] org.apache.nifi.bootstrap.RunNiFi Apache NiFi now running and listening for Bootstrap requests on port 39401
2023-07-29 18:54:08,426 INFO [main] o.a.n.b.NotificationServiceManager Successfully loaded the following 0 services: []
2023-07-29 18:54:08,466 INFO [main] org.apache.nifi.bootstrap.RunNiFi Registered no Notification Services for Notification Type NIFI_STARTED
2023-07-29 18:54:08,467 INFO [main] org.apache.nifi.bootstrap.RunNiFi Registered no Notification Services for Notification Type NIFI_STOPPED
2023-07-29 18:54:08,467 INFO [main] org.apache.nifi.bootstrap.RunNiFi Registered no Notification Services for Notification Type NIFI_DIED
2023-07-29 18:54:08,534 INFO [main] org.apache.nifi.bootstrap.Command Apache NiFi has accepted the Shutdown Command and is shutting down now
2023-07-29 18:54:08,588 INFO [main] org.apache.nifi.bootstrap.Command Waiting for Apache NiFi to finish shutting down...
2023-07-29 18:54:10,591 INFO [main] org.apache.nifi.bootstrap.Command Waiting for Apache NiFi to finish shutting down...
2023-07-29 18:54:12,595 INFO [main] org.apache.nifi.bootstrap.Command Waiting for Apache NiFi to finish shutting down...
2023-07-29 18:54:14,598 INFO [main] org.apache.nifi.bootstrap.Command Waiting for Apache NiFi to finish shutting down...
2023-07-29 18:54:16,601 INFO [main] org.apache.nifi.bootstrap.Command Waiting for Apache NiFi to finish shutting down...
2023-07-29 19:42:21,067 INFO [main] o.a.n.b.NotificationServiceManager Successfully loaded the following 0 services: []
2023-07-29 19:42:21,073 INFO [main] org.apache.nifi.bootstrap.RunNiFi Registered no Notification Services for Notification Type NIFI_STARTED
2023-07-29 19:42:21,074 INFO [main] org.apache.nifi.bootstrap.RunNiFi Registered no Notification Services for Notification Type NIFI_STOPPED
2023-07-29 19:42:21,074 INFO [main] org.apache.nifi.bootstrap.RunNiFi Registered no Notification Services for Notification Type NIFI_DIED
2023-07-29 19:42:21,082 INFO [main] org.apache.nifi.bootstrap.RunNiFi Runtime Java version: 1.8.0_292
2023-07-29 19:42:21,109 INFO [main] org.apache.nifi.bootstrap.Command Starting Apache NiFi...
2023-07-29 19:42:21,110 INFO [main] org.apache.nifi.bootstrap.Command Working Directory: /opt/nifi/nifi-current
2023-07-29 19:42:21,111 INFO [main] org.apache.nifi.bootstrap.Command Command: /usr/local/openjdk-8/bin/java -classpath /opt/nifi/nifi-current/./conf:/opt/nifi/nifi-current/./lib/logback-core-1.2.3.jar:/opt/nifi/nifi-current/./lib/nifi-framework-api-1.14.0.jar:/opt/nifi/nifi-current/./lib/nifi-runtime-1.14.0.jar:/opt/nifi/nifi-current/./lib/javax.servlet-api-3.1.0.jar:/opt/nifi/nifi-current/./lib/log4j-over-slf4j-1.7.30.jar:/opt/nifi/nifi-current/./lib/nifi-property-utils-1.14.0.jar:/opt/nifi/nifi-current/./lib/nifi-api-1.14.0.jar:/opt/nifi/nifi-current/./lib/jul-to-slf4j-1.7.30.jar:/opt/nifi/nifi-current/./lib/nifi-nar-utils-1.14.0.jar:/opt/nifi/nifi-current/./lib/jcl-over-slf4j-1.7.30.jar:/opt/nifi/nifi-current/./lib/nifi-stateless-bootstrap-1.14.0.jar:/opt/nifi/nifi-current/./lib/logback-classic-1.2.3.jar:/opt/nifi/nifi-current/./lib/nifi-server-api-1.14.0.jar:/opt/nifi/nifi-current/./lib/jetty-schemas-3.1.jar:/opt/nifi/nifi-current/./lib/slf4j-api-1.7.30.jar:/opt/nifi/nifi-current/./lib/nifi-stateless-api-1.14.0.jar:/opt/nifi/nifi-current/./lib/nifi-properties-1.14.0.jar -Dorg.apache.jasper.compiler.disablejsr199=true -Xmx512m -Xms512m -Dcurator-log-only-first-connection-issue-as-error-level=true -Djavax.security.auth.useSubjectCredsOnly=true -Djava.security.egd=file:/dev/urandom -Dzookeeper.admin.enableServer=false -Dsun.net.http.allowRestrictedHeaders=true -Djava.net.preferIPv4Stack=true -Djava.awt.headless=true -Djava.protocol.handler.pkgs=sun.net.www.protocol -Dnifi.properties.file.path=/opt/nifi/nifi-current/./conf/nifi.properties -Dnifi.bootstrap.listen.port=36695 -Dapp=NiFi -Dorg.apache.nifi.bootstrap.config.log.dir=/opt/nifi/nifi-current/logs org.apache.nifi.NiFi 
2023-07-29 19:42:21,215 INFO [main] org.apache.nifi.bootstrap.Command Launched Apache NiFi with Process ID 86
2023-07-29 19:42:22,620 INFO [NiFi Bootstrap Command Listener] org.apache.nifi.bootstrap.RunNiFi Apache NiFi now running and listening for Bootstrap requests on port 43605
2023-07-29 23:08:17,346 INFO [main] o.a.n.b.NotificationServiceManager Successfully loaded the following 0 services: []
2023-07-29 23:08:17,361 INFO [main] org.apache.nifi.bootstrap.RunNiFi Registered no Notification Services for Notification Type NIFI_STARTED
2023-07-29 23:08:17,362 INFO [main] org.apache.nifi.bootstrap.RunNiFi Registered no Notification Services for Notification Type NIFI_STOPPED
2023-07-29 23:08:17,363 INFO [main] org.apache.nifi.bootstrap.RunNiFi Registered no Notification Services for Notification Type NIFI_DIED
2023-07-29 23:08:17,407 INFO [main] org.apache.nifi.bootstrap.Command Apache NiFi has accepted the Shutdown Command and is shutting down now
2023-07-29 23:08:17,490 INFO [main] org.apache.nifi.bootstrap.Command Waiting for Apache NiFi to finish shutting down...
2023-07-29 23:08:19,495 INFO [main] org.apache.nifi.bootstrap.Command Waiting for Apache NiFi to finish shutting down...
2023-07-29 23:08:21,504 INFO [main] org.apache.nifi.bootstrap.Command Waiting for Apache NiFi to finish shutting down...
2023-07-29 23:08:23,512 INFO [main] org.apache.nifi.bootstrap.Command Waiting for Apache NiFi to finish shutting down...
2023-07-29 23:08:25,519 INFO [main] org.apache.nifi.bootstrap.Command Waiting for Apache NiFi to finish shutting down...
